Error Download Photo: Cannot connect to host drive.google.com:443 ssl:True [SSLCertVerificationError: (1, '[SSL: CERTIFICATE_VERIFY_FAILED] certificate verify failed: unable to get local issuer certificate (_ssl.c:997)')]
7262079900: Error in send_photo: local variable 'response' referenced before assignment
7262079900: Error in send_photo: local variable 'response' referenced before assignment
Error Download Photo: Cannot connect to host drive.google.com:443 ssl:True [SSLCertVerificationError: (1, '[SSL: CERTIFICATE_VERIFY_FAILED] certificate verify failed: unable to get local issuer certificate (_ssl.c:997)')]
Error Download Photo: Cannot connect to host drive.google.com:443 ssl:True [SSLCertVerificationError: (1, '[SSL: CERTIFICATE_VERIFY_FAILED] certificate verify failed: unable to get local issuer certificate (_ssl.c:997)')]
7262079900: Error in send_photo: local variable 'response' referenced before assignment
7262079900: Error in send_photo: local variable 'response' referenced before assignment
7262079900: Error in send_photo: local variable 'response' referenced before assignment
7262079900: Error in send_photo: local variable 'response' referenced before assignment
Error Download Photo: Cannot connect to host drive.google.com:443 ssl:True [SSLCertVerificationError: (1, '[SSL: CERTIFICATE_VERIFY_FAILED] certificate verify failed: unable to get local issuer certificate (_ssl.c:997)')]
337363979: Error in send_photo: local variable 'response' referenced before assignment
Error Download Photo: Cannot connect to host drive.google.com:443 ssl:True [SSLCertVerificationError: (1, '[SSL: CERTIFICATE_VERIFY_FAILED] certificate verify failed: unable to get local issuer certificate (_ssl.c:997)')]
337363979: Error in send_photo: local variable 'response' referenced before assignment
Error Download Photo: Cannot connect to host drive.google.com:443 ssl:True [SSLCertVerificationError: (1, '[SSL: CERTIFICATE_VERIFY_FAILED] certificate verify failed: unable to get local issuer certificate (_ssl.c:997)')]
sdcsdError Download Photo: Cannot connect to host drive.google.com:443 ssl:True [SSLCertVerificationError: (1, '[SSL: CERTIFICATE_VERIFY_FAILED] certificate verify failed: unable to get local issuer certificate (_ssl.c:997)')]
Error Download Photo: Cannot connect to host drive.google.com:443 ssl:True [SSLCertVerificationError: (1, '[SSL: CERTIFICATE_VERIFY_FAILED] certificate verify failed: unable to get local issuer certificate (_ssl.c:997)')]
234567890:Error Download Photo: Cannot connect to host drive.google.com:443 ssl:True [SSLCertVerificationError: (1, '[SSL: CERTIFICATE_VERIFY_FAILED] certificate verify failed: unable to get local issuer certificate (_ssl.c:997)')]
Error Download Photo: Cannot connect to host drive.google.com:443 ssl:True [SSLCertVerificationError: (1, '[SSL: CERTIFICATE_VERIFY_FAILED] certificate verify failed: unable to get local issuer certificate (_ssl.c:997)')]
Error Download Photo: Cannot connect to host drive.google.com:443 ssl:True [SSLCertVerificationError: (1, '[SSL: CERTIFICATE_VERIFY_FAILED] certificate verify failed: unable to get local issuer certificate (_ssl.c:997)')]
Error Download Photo: Cannot connect to host drive.google.com:443 ssl:True [SSLCertVerificationError: (1, '[SSL: CERTIFICATE_VERIFY_FAILED] certificate verify failed: unable to get local issuer certificate (_ssl.c:997)')]
Error Download Photo: Cannot connect to host drive.google.com:443 ssl:True [SSLCertVerificationError: (1, '[SSL: CERTIFICATE_VERIFY_FAILED] certificate verify failed: unable to get local issuer certificate (_ssl.c:997)')]
Error Download Photo: Cannot connect to host drive.google.com:443 ssl:True [SSLCertVerificationError: (1, '[SSL: CERTIFICATE_VERIFY_FAILED] certificate verify failed: unable to get local issuer certificate (_ssl.c:997)')]
Error Download Photo: Cannot connect to host drive.google.com:443 ssl:True [SSLCertVerificationError: (1, '[SSL: CERTIFICATE_VERIFY_FAILED] certificate verify failed: unable to get local issuer certificate (_ssl.c:997)')]
7262079900: Error in send_photo: local variable 'response' referenced before assignment
7262079900: Error in send_photo: local variable 'response' referenced before assignment
Error Download Photo: Cannot connect to host drive.google.com:443 ssl:True [SSLCertVerificationError: (1, '[SSL: CERTIFICATE_VERIFY_FAILED] certificate verify failed: unable to get local issuer certificate (_ssl.c:997)')]
Error Download Photo: Cannot connect to host drive.google.com:443 ssl:True [SSLCertVerificationError: (1, '[SSL: CERTIFICATE_VERIFY_FAILED] certificate verify failed: unable to get local issuer certificate (_ssl.c:997)')]
7262079900: Error in send_photo: local variable 'response' referenced before assignment
7262079900: Error in send_photo: local variable 'response' referenced before assignment
7262079900: Error in send_photo: local variable 'response' referenced before assignment
7262079900: Error in send_photo: local variable 'response' referenced before assignment
Error Download Photo: Cannot connect to host drive.google.com:443 ssl:True [SSLCertVerificationError: (1, '[SSL: CERTIFICATE_VERIFY_FAILED] certificate verify failed: unable to get local issuer certificate (_ssl.c:997)')]
7262079900: Error in send_photo: local variable 'response' referenced before assignment
7262079900: Error in send_photo: local variable 'response' referenced before assignment
Error Download Photo: Cannot connect to host drive.google.com:443 ssl:True [SSLCertVerificationError: (1, '[SSL: CERTIFICATE_VERIFY_FAILED] certificate verify failed: unable to get local issuer certificate (_ssl.c:997)')]
7262079900: Error in send_photo: local variable 'response' referenced before assignment
7262079900: Error in send_photo: local variable 'response' referenced before assignment
Error Download Photo: Cannot connect to host drive.google.com:443 ssl:True [SSLCertVerificationError: (1, '[SSL: CERTIFICATE_VERIFY_FAILED] certificate verify failed: unable to get local issuer certificate (_ssl.c:997)')]
7262079900: Error in send_photo: local variable 'response' referenced before assignment
7262079900: Error in send_photo: local variable 'response' referenced before assignment
Error Download Photo: Cannot connect to host drive.google.com:443 ssl:True [SSLCertVerificationError: (1, '[SSL: CERTIFICATE_VERIFY_FAILED] certificate verify failed: unable to get local issuer certificate (_ssl.c:997)')]
Error Download Photo: Cannot connect to host drive.google.com:443 ssl:True [SSLCertVerificationError: (1, '[SSL: CERTIFICATE_VERIFY_FAILED] certificate verify failed: unable to get local issuer certificate (_ssl.c:997)')]
7262079900: Error in send_photo: local variable 'response' referenced before assignment
7262079900: Error in send_photo: local variable 'response' referenced before assignment
7262079900: Error in send_photo: local variable 'response' referenced before assignment
7262079900: Error in send_photo: local variable 'response' referenced before assignment
Error Download Photo: Cannot connect to host drive.google.com:443 ssl:True [SSLCertVerificationError: (1, '[SSL: CERTIFICATE_VERIFY_FAILED] certificate verify failed: unable to get local issuer certificate (_ssl.c:997)')]
Error Download Photo: Cannot connect to host drive.google.com:443 ssl:True [SSLCertVerificationError: (1, '[SSL: CERTIFICATE_VERIFY_FAILED] certificate verify failed: unable to get local issuer certificate (_ssl.c:997)')]
Error Download Photo: Cannot connect to host drive.google.com:443 ssl:True [SSLCertVerificationError: (1, '[SSL: CERTIFICATE_VERIFY_FAILED] certificate verify failed: unable to get local issuer certificate (_ssl.c:997)')]
7262079900: Error in send_photo: local variable 'response' referenced before assignment
7262079900: Error in send_photo: local variable 'response' referenced before assignment
7262079900: Error in send_photo: local variable 'response' referenced before assignment
7262079900: Error in send_photo: local variable 'response' referenced before assignment
7262079900: Error in send_photo: local variable 'response' referenced before assignment
7262079900: Error in send_photo: local variable 'response' referenced before assignment
Error Download Photo: Cannot connect to host drive.google.com:443 ssl:True [SSLCertVerificationError: (1, '[SSL: CERTIFICATE_VERIFY_FAILED] certificate verify failed: unable to get local issuer certificate (_ssl.c:997)')]
7262079900: Error in send_photo: local variable 'response' referenced before assignment
7262079900: Error in send_photo: local variable 'response' referenced before assignment
Error Download Photo: Cannot connect to host drive.google.com:443 ssl:True [SSLCertVerificationError: (1, '[SSL: CERTIFICATE_VERIFY_FAILED] certificate verify failed: unable to get local issuer certificate (_ssl.c:997)')]
7262079900: Error in send_photo: local variable 'response' referenced before assignment
7262079900: Error in send_photo: local variable 'response' referenced before assignment
Error Download Photo: Cannot connect to host drive.google.com:443 ssl:True [SSLCertVerificationError: (1, '[SSL: CERTIFICATE_VERIFY_FAILED] certificate verify failed: unable to get local issuer certificate (_ssl.c:997)')]
7262079900: Error in send_photo: local variable 'response' referenced before assignment
7262079900: Error in send_photo: local variable 'response' referenced before assignment
Error Download Photo: Cannot connect to host drive.google.com:443 ssl:True [SSLCertVerificationError: (1, '[SSL: CERTIFICATE_VERIFY_FAILED] certificate verify failed: unable to get local issuer certificate (_ssl.c:997)')]
7262079900: Error in send_photo: local variable 'response' referenced before assignment
7262079900: Error in send_photo: local variable 'response' referenced before assignment
Error Download Photo: Cannot connect to host drive.google.com:443 ssl:True [SSLCertVerificationError: (1, '[SSL: CERTIFICATE_VERIFY_FAILED] certificate verify failed: unable to get local issuer certificate (_ssl.c:997)')]
7262079900: Error in send_photo: local variable 'response' referenced before assignment
7262079900: Error in send_photo: local variable 'response' referenced before assignment
Error Download Photo: Cannot connect to host drive.google.com:443 ssl:True [SSLCertVerificationError: (1, '[SSL: CERTIFICATE_VERIFY_FAILED] certificate verify failed: unable to get local issuer certificate (_ssl.c:997)')]
Error Download Photo: Cannot connect to host drive.google.com:443 ssl:True [SSLCertVerificationError: (1, '[SSL: CERTIFICATE_VERIFY_FAILED] certificate verify failed: unable to get local issuer certificate (_ssl.c:997)')]
7262079900: Error in send_photo: local variable 'response' referenced before assignment
7262079900: Error in send_photo: local variable 'response' referenced before assignment
7262079900: Error in send_photo: local variable 'response' referenced before assignment
7262079900: Error in send_photo: local variable 'response' referenced before assignment
Error Download Photo: Cannot connect to host drive.google.com:443 ssl:True [SSLCertVerificationError: (1, '[SSL: CERTIFICATE_VERIFY_FAILED] certificate verify failed: unable to get local issuer certificate (_ssl.c:997)')]
7262079900: Error in send_photo: local variable 'response' referenced before assignment
7262079900: Error in send_photo: local variable 'response' referenced before assignment
Error Download Photo: Cannot connect to host drive.google.com:443 ssl:True [SSLCertVerificationError: (1, '[SSL: CERTIFICATE_VERIFY_FAILED] certificate verify failed: unable to get local issuer certificate (_ssl.c:997)')]
7262079900: Error in send_photo: local variable 'response' referenced before assignment
7262079900: Error in send_photo: local variable 'response' referenced before assignment
7262079900: Error in send_photo: local variable 'response' referenced before assignment
7262079900: Error in send_photo: local variable 'response' referenced before assignment
7262079900: Error in send_photo: local variable 'response' referenced before assignment
7262079900: Error in send_photo: local variable 'response' referenced before assignment
7262079900: Error in send_photo: local variable 'response' referenced before assignment
7262079900: Error in send_photo: local variable 'response' referenced before assignment
7262079900: Error in send_photo: local variable 'response' referenced before assignment
7262079900: Error in send_photo: local variable 'response' referenced before assignment
7262079900: Error in send_photo: local variable 'response' referenced before assignment
7262079900: Error in send_photo: local variable 'response' referenced before assignment
7262079900: Error in send_photo: local variable 'response' referenced before assignment
7262079900: Error in send_photo: local variable 'response' referenced before assignment
7262079900: Error in send_photo: local variable 'response' referenced before assignment
7262079900: Error in send_photo: local variable 'response' referenced before assignment
7262079900: Error in send_photo: local variable 'response' referenced before assignment
7262079900: Error in send_photo: local variable 'response' referenced before assignment
7262079900: {"ok":false,"error_code":400,"description":"Bad Request: object expected as reply markup"}
337363979: {"ok":false,"error_code":400,"description":"Bad Request: object expected as reply markup"}
7262079900: {"ok":false,"error_code":400,"description":"Bad Request: object expected as reply markup"}
7262079900: {"ok":false,"error_code":400,"description":"Bad Request: object expected as reply markup"}
337363979: {"ok":false,"error_code":400,"description":"Bad Request: object expected as reply markup"}
337363979: {"ok":false,"error_code":400,"description":"Bad Request: object expected as reply markup"}
